\BOOKMARK [0][]{chapter*.4}{\376\377\000L\000i\000s\000t\000a\000\040\000d\000e\000\040\000I\000l\000u\000s\000t\000r\000a\000\347\000\365\000e\000s}{}% 1
\BOOKMARK [0][]{chapter*.5}{\376\377\000L\000i\000s\000t\000a\000\040\000d\000e\000\040\000T\000a\000b\000e\000l\000a\000s}{}% 2
\BOOKMARK [0][]{chapter*.6}{\376\377\000L\000i\000s\000t\000a\000\040\000d\000e\000\040\000Q\000u\000a\000d\000r\000o\000s}{}% 3
\BOOKMARK [0][]{chapter*.7}{\376\377\000L\000i\000s\000t\000a\000\040\000d\000e\000\040\000A\000b\000r\000e\000v\000i\000a\000t\000u\000r\000a\000s}{}% 4
\BOOKMARK [0][]{chapter.1}{\376\377\000I\000n\000t\000r\000o\000d\000u\000\347\000\343\000o}{}% 5
\BOOKMARK [1][]{section.1.1}{\376\377\000C\000i\000t\000a\000\347\000\365\000e\000s\000\040\000d\000i\000r\000e\000t\000a\000s\000\040\000e\000\040\000i\000n\000d\000i\000r\000e\000t\000a\000s}{chapter.1}% 6
\BOOKMARK [2][]{subsection.1.1.1}{\376\377\000C\000i\000t\000a\000\347\000\343\000o\000\040\000D\000i\000r\000e\000t\000a}{section.1.1}% 7
\BOOKMARK [2][]{subsection.1.1.2}{\376\377\000C\000i\000t\000a\000\347\000\343\000o\000\040\000I\000n\000d\000i\000r\000e\000t\000a}{section.1.1}% 8
\BOOKMARK [1][]{section.1.2}{\376\377\000M\000o\000n\000t\000a\000g\000e\000m\000\040\000d\000e\000\040\000T\000a\000b\000e\000l\000a}{chapter.1}% 9
\BOOKMARK [1][]{section.1.3}{\376\377\000M\000o\000n\000t\000a\000g\000e\000m\000\040\000d\000e\000\040\000Q\000u\000a\000d\000r\000o}{chapter.1}% 10
\BOOKMARK [1][]{section.1.4}{\376\377\000M\000o\000n\000t\000a\000g\000e\000m\000\040\000d\000e\000\040\000E\000q\000u\000a\000\347\000\343\000o}{chapter.1}% 11
\BOOKMARK [1][]{section.1.5}{\376\377\000M\000o\000n\000t\000a\000g\000e\000m\000\040\000d\000e\000\040\000A\000l\000g\000o\000r\000i\000t\000m\000o}{chapter.1}% 12
\BOOKMARK [1][]{section.1.6}{\376\377\000I\000n\000c\000l\000u\000s\000\343\000o\000\040\000d\000e\000\040\000F\000i\000g\000u\000r\000a}{chapter.1}% 13
\BOOKMARK [2][]{subsection.1.6.1}{\376\377\000S\000u\000b\000s\000e\000\347\000\343\000o}{section.1.6}% 14
\BOOKMARK [0][]{chapter.2}{\376\377\000F\000u\000n\000d\000a\000m\000e\000n\000t\000a\000\347\000\343\000o\000\040\000T\000e\000\363\000r\000i\000c\000a}{}% 15
\BOOKMARK [1][]{section.2.1}{\376\377\000V\000i\000s\000\343\000o\000\040\000G\000e\000r\000a\000l}{chapter.2}% 16
\BOOKMARK [1][]{section.2.2}{\376\377\000C\000o\000n\000t\000e\000\372\000d\000o\000\040\0001}{chapter.2}% 17
\BOOKMARK [0][]{chapter.3}{\376\377\000M\000e\000t\000o\000d\000o\000l\000o\000g\000i\000a}{}% 18
\BOOKMARK [1][]{section.3.1}{\376\377\000V\000i\000s\000\343\000o\000\040\000G\000e\000r\000a\000l}{chapter.3}% 19
\BOOKMARK [1][]{section.3.2}{\376\377\000C\000o\000n\000t\000e\000\372\000d\000o\000\040\0001}{chapter.3}% 20
\BOOKMARK [0][]{chapter.4}{\376\377\000A\000n\000\341\000l\000i\000s\000e\000\040\000d\000o\000s\000\040\000R\000e\000s\000u\000l\000t\000a\000d\000o\000s}{}% 21
\BOOKMARK [1][]{section.4.1}{\376\377\000I\000t\000e\000m\000\040\0001}{chapter.4}% 22
